<?xml version="1.0" encoding="utf-8"?>
<!DOCTYPE coverage SYSTEM "http://cobertura.sourceforge.net/xml/coverage-04.dtd">
<coverage line-rate="0.8666666666666667" branch-rate="1" lines-covered="13" lines-valid="15" branches-covered="0" branches-valid="0" complexity="4" version="0" timestamp="1644830640">
  <sources>
    <source>D:\</source>
  </sources>
  <packages>
    <package name="katas-csharp" line-rate="0.75" branch-rate="1" complexity="1">
      <classes>
        <class name="katas_csharp._02KarateChop.Chop" filename="D:\ProjetosGit\katas-csharp\katas-csharp\02KarateChop\Chop.cs" line-rate="1" branch-rate="1" complexity="1">
          <methods>
            <method name="Run" signature="(...)" line-rate="1" branch-rate="1" complexity="1">
              <lines>
                <line number="6" hits="1" branch="false" />
                <line number="7" hits="1" branch="false" />
                <line number="8" hits="1" branch="false" />
              </lines>
            </method>
          </methods>
          <lines>
            <line number="6" hits="1" branch="false" />
            <line number="7" hits="1" branch="false" />
            <line number="8" hits="1" branch="false" />
          </lines>
        </class>
        <class name="Program" filename="D:\ProjetosGit\katas-csharp\katas-csharp\Program.cs" line-rate="0" branch-rate="1" complexity="NaN">
          <methods />
          <lines>
            <line number="1" hits="0" branch="false" />
          </lines>
        </class>
      </classes>
    </package>
    <package name="katas-csharp.Tests" line-rate="0.9090909090909091" branch-rate="1" complexity="3">
      <classes>
        <class name="AutoGeneratedProgram" filename="D:\Users\mateusm\.nuget\packages\microsoft.net.test.sdk\16.11.0\build\netcoreapp2.1\Microsoft.NET.Test.Sdk.Program.cs" line-rate="0" branch-rate="1" complexity="1">
          <methods>
            <method name="Main" signature="(...)" line-rate="0" branch-rate="1" complexity="1">
              <lines>
                <line number="4" hits="0" branch="false" />
              </lines>
            </method>
          </methods>
          <lines>
            <line number="4" hits="0" branch="false" />
          </lines>
        </class>
        <class name="katas_csharp.Tests._02KarateChop.ChopTests" filename="D:\ProjetosGit\katas-csharp\katas-csharp.Tests\02KarateChop\ChopTests.cs" line-rate="1" branch-rate="1" complexity="2">
          <methods>
            <method name="ShouldReturnMinus1IfIsNotInTheArray" signature="()" line-rate="1" branch-rate="1" complexity="1">
              <lines>
                <line number="19" hits="1" branch="false" />
                <line number="20" hits="1" branch="false" />
                <line number="21" hits="1" branch="false" />
                <line number="22" hits="1" branch="false" />
                <line number="24" hits="1" branch="false" />
                <line number="25" hits="1" branch="false" />
              </lines>
            </method>
            <method name=".ctor" signature="()" line-rate="1" branch-rate="1" complexity="1">
              <lines>
                <line number="12" hits="1" branch="false" />
                <line number="13" hits="1" branch="false" />
                <line number="14" hits="1" branch="false" />
                <line number="15" hits="1" branch="false" />
              </lines>
            </method>
          </methods>
          <lines>
            <line number="12" hits="1" branch="false" />
            <line number="13" hits="1" branch="false" />
            <line number="14" hits="1" branch="false" />
            <line number="15" hits="1" branch="false" />
            <line number="19" hits="1" branch="false" />
            <line number="20" hits="1" branch="false" />
            <line number="21" hits="1" branch="false" />
            <line number="22" hits="1" branch="false" />
            <line number="24" hits="1" branch="false" />
            <line number="25" hits="1" branch="false" />
          </lines>
        </class>
      </classes>
    </package>
  </packages>
</coverage>