TpTrace Verbose: 0 : 10276, 1, 2022/02/15, 08:10:11.805, 169642557893, vstest.console.dll, Version: 17.0.0
TpTrace Information: 0 : 10276, 1, 2022/02/15, 08:10:11.830, 169642604446, vstest.console.dll, FilePatternParser: The given file D:\ProjetosGit\katas-csharp\katas-csharp.Tests\bin\Debug\net6.0\fine-code-coverage\build-output\katas-csharp.Tests.dll is a full path.
TpTrace Verbose: 0 : 10276, 1, 2022/02/15, 08:10:11.854, 169642651043, vstest.console.dll, TestPluginCache.DiscoverTestExtensions: finding test extensions in assemblies ends with: RuntimeProvider.dll TPluginInfo: Microsoft.VisualStudio.TestPlatform.Common.ExtensionFramework.Utilities.TestRuntimePluginInformation TExtension: Microsoft.VisualStudio.TestPlatform.ObjectModel.Host.ITestRuntimeProvider
TpTrace Verbose: 0 : 10276, 1, 2022/02/15, 08:10:11.855, 169642652076, vstest.console.dll, TestPluginCache.GetExtensionPaths: Filtered extension paths: 
TpTrace Verbose: 0 : 10276, 1, 2022/02/15, 08:10:11.855, 169642652421, vstest.console.dll, TestPluginCache.GetExtensionPaths: Added default extension paths: C:\Program Files\dotnet\sdk\6.0.100\Extensions\Microsoft.Diagnostics.NETCore.Client.dll
C:\Program Files\dotnet\sdk\6.0.100\Extensions\Microsoft.TestPlatform.Extensions.BlameDataCollector.dll
C:\Program Files\dotnet\sdk\6.0.100\Extensions\Microsoft.TestPlatform.Extensions.EventLogCollector.dll
C:\Program Files\dotnet\sdk\6.0.100\Extensions\Microsoft.TestPlatform.TestHostRuntimeProvider.dll
C:\Program Files\dotnet\sdk\6.0.100\Extensions\Microsoft.VisualStudio.TestPlatform.Extensions.Html.TestLogger.dll
C:\Program Files\dotnet\sdk\6.0.100\Extensions\Microsoft.VisualStudio.TestPlatform.Extensions.Trx.TestLogger.dll
TpTrace Verbose: 0 : 10276, 1, 2022/02/15, 08:10:11.855, 169642652653, vstest.console.dll, TestPluginCache.GetExtensionPaths: Added unfilterableExtensionPaths: 
TpTrace Information: 0 : 10276, 1, 2022/02/15, 08:10:11.856, 169642654376, vstest.console.dll, AssemblyResolver.ctor: Creating AssemblyResolver with searchDirectories C:\Program Files\dotnet\sdk\6.0.100\Extensions,C:\Program Files\dotnet\sdk\6.0.100
TpTrace Verbose: 0 : 10276, 1, 2022/02/15, 08:10:11.857, 169642656323, vstest.console.dll, TestPluginCache.DiscoverTestExtensions: Discovering the extensions using extension path.
TpTrace Verbose: 0 : 10276, 1, 2022/02/15, 08:10:11.857, 169642656715, vstest.console.dll, TestPluginCache.GetExtensionPaths: Filtered extension paths: 
TpTrace Verbose: 0 : 10276, 1, 2022/02/15, 08:10:11.857, 169642656978, vstest.console.dll, TestPluginCache.GetExtensionPaths: Added default extension paths: C:\Program Files\dotnet\sdk\6.0.100\Extensions\Microsoft.Diagnostics.NETCore.Client.dll
C:\Program Files\dotnet\sdk\6.0.100\Extensions\Microsoft.TestPlatform.Extensions.BlameDataCollector.dll
C:\Program Files\dotnet\sdk\6.0.100\Extensions\Microsoft.TestPlatform.Extensions.EventLogCollector.dll
C:\Program Files\dotnet\sdk\6.0.100\Extensions\Microsoft.TestPlatform.TestHostRuntimeProvider.dll
C:\Program Files\dotnet\sdk\6.0.100\Extensions\Microsoft.VisualStudio.TestPlatform.Extensions.Html.TestLogger.dll
C:\Program Files\dotnet\sdk\6.0.100\Extensions\Microsoft.VisualStudio.TestPlatform.Extensions.Trx.TestLogger.dll
TpTrace Verbose: 0 : 10276, 1, 2022/02/15, 08:10:11.858, 169642657203, vstest.console.dll, TestPluginCache.GetExtensionPaths: Added unfilterableExtensionPaths: 
TpTrace Verbose: 0 : 10276, 1, 2022/02/15, 08:10:11.858, 169642657593, vstest.console.dll, TestPluginCache.DiscoverTestExtensions: Discovering the extensions using allExtensionPaths: C:\Program Files\dotnet\sdk\6.0.100\Extensions\Microsoft.Diagnostics.NETCore.Client.dll
C:\Program Files\dotnet\sdk\6.0.100\Extensions\Microsoft.TestPlatform.Extensions.BlameDataCollector.dll
C:\Program Files\dotnet\sdk\6.0.100\Extensions\Microsoft.TestPlatform.Extensions.EventLogCollector.dll
C:\Program Files\dotnet\sdk\6.0.100\Extensions\Microsoft.TestPlatform.TestHostRuntimeProvider.dll
C:\Program Files\dotnet\sdk\6.0.100\Extensions\Microsoft.VisualStudio.TestPlatform.Extensions.Html.TestLogger.dll
C:\Program Files\dotnet\sdk\6.0.100\Extensions\Microsoft.VisualStudio.TestPlatform.Extensions.Trx.TestLogger.dll
TpTrace Information: 0 : 10276, 1, 2022/02/15, 08:10:11.858, 169642658145, vstest.console.dll, AssemblyResolver.AddSearchDirectories: Adding more searchDirectories C:\Program Files\dotnet\sdk\6.0.100\Extensions,C:\Program Files\dotnet\sdk\6.0.100
TpTrace Information: 0 : 10276, 1, 2022/02/15, 08:10:11.858, 169642658419, vstest.console.dll, AssemblyResolver.AddSearchDirectories: Adding more searchDirectories C:\Program Files\dotnet\sdk\6.0.100\Extensions,C:\Program Files\dotnet\sdk\6.0.100
TpTrace Information: 0 : 10276, 1, 2022/02/15, 08:10:11.858, 169642658656, vstest.console.dll, AssemblyResolver.AddSearchDirectories: Adding more searchDirectories C:\Program Files\dotnet\sdk\6.0.100\Extensions,C:\Program Files\dotnet\sdk\6.0.100
TpTrace Information: 0 : 10276, 1, 2022/02/15, 08:10:11.858, 169642658878, vstest.console.dll, AssemblyResolver.AddSearchDirectories: Adding more searchDirectories C:\Program Files\dotnet\sdk\6.0.100\Extensions,C:\Program Files\dotnet\sdk\6.0.100
TpTrace Information: 0 : 10276, 1, 2022/02/15, 08:10:11.859, 169642659166, vstest.console.dll, AssemblyResolver.AddSearchDirectories: Adding more searchDirectories C:\Program Files\dotnet\sdk\6.0.100\Extensions,C:\Program Files\dotnet\sdk\6.0.100
TpTrace Information: 0 : 10276, 1, 2022/02/15, 08:10:11.859, 169642659721, vstest.console.dll, AssemblyResolver.AddSearchDirectories: Adding more searchDirectories C:\Program Files\dotnet\sdk\6.0.100\Extensions,C:\Program Files\dotnet\sdk\6.0.100
TpTrace Information: 0 : 10276, 1, 2022/02/15, 08:10:11.859, 169642660832, vstest.console.dll, AssemblyResolver.OnResolve: Microsoft.Diagnostics.NETCore.Client: Resolving assembly.
TpTrace Information: 0 : 10276, 1, 2022/02/15, 08:10:11.860, 169642661230, vstest.console.dll, AssemblyResolver.OnResolve: Microsoft.Diagnostics.NETCore.Client: Searching in: 'C:\Program Files\dotnet\sdk\6.0.100\Extensions'.
TpTrace Information: 0 : 10276, 1, 2022/02/15, 08:10:11.868, 169642677090, vstest.console.dll, AssemblyResolver.OnResolve: Microsoft.Diagnostics.NETCore.Client: Loading assembly 'C:\Program Files\dotnet\sdk\6.0.100\Extensions\Microsoft.Diagnostics.NETCore.Client.dll'.
TpTrace Information: 0 : 10276, 1, 2022/02/15, 08:10:11.869, 169642678750, vstest.console.dll, AssemblyResolver.OnResolve: Resolved assembly: Microsoft.Diagnostics.NETCore.Client, from path: C:\Program Files\dotnet\sdk\6.0.100\Extensions\Microsoft.Diagnostics.NETCore.Client.dll
TpTrace Information: 0 : 10276, 1, 2022/02/15, 08:10:11.871, 169642684332, vstest.console.dll, AssemblyResolver.OnResolve: Microsoft.Bcl.AsyncInterfaces: Resolving assembly.
TpTrace Information: 0 : 10276, 1, 2022/02/15, 08:10:11.872, 169642684894, vstest.console.dll, AssemblyResolver.OnResolve: Microsoft.Bcl.AsyncInterfaces: Searching in: 'C:\Program Files\dotnet\sdk\6.0.100\Extensions'.
TpTrace Information: 0 : 10276, 1, 2022/02/15, 08:10:11.872, 169642685234, vstest.console.dll, AssemblyResolver.OnResolve: Microsoft.Bcl.AsyncInterfaces: Assembly path does not exist: 'C:\Program Files\dotnet\sdk\6.0.100\Extensions\Microsoft.Bcl.AsyncInterfaces.dll', returning.
TpTrace Information: 0 : 10276, 1, 2022/02/15, 08:10:11.872, 169642685544, vstest.console.dll, AssemblyResolver.OnResolve: Microsoft.Bcl.AsyncInterfaces: Assembly path does not exist: 'C:\Program Files\dotnet\sdk\6.0.100\Extensions\Microsoft.Bcl.AsyncInterfaces.exe', returning.
TpTrace Information: 0 : 10276, 1, 2022/02/15, 08:10:11.872, 169642685768, vstest.console.dll, AssemblyResolver.OnResolve: Microsoft.Bcl.AsyncInterfaces: Searching in: 'C:\Program Files\dotnet\sdk\6.0.100'.
TpTrace Information: 0 : 10276, 1, 2022/02/15, 08:10:11.872, 169642686051, vstest.console.dll, AssemblyResolver.OnResolve: Microsoft.Bcl.AsyncInterfaces: Assembly path does not exist: 'C:\Program Files\dotnet\sdk\6.0.100\Microsoft.Bcl.AsyncInterfaces.dll', returning.
TpTrace Information: 0 : 10276, 1, 2022/02/15, 08:10:11.873, 169642686350, vstest.console.dll, AssemblyResolver.OnResolve: Microsoft.Bcl.AsyncInterfaces: Assembly path does not exist: 'C:\Program Files\dotnet\sdk\6.0.100\Microsoft.Bcl.AsyncInterfaces.exe', returning.
TpTrace Information: 0 : 10276, 1, 2022/02/15, 08:10:11.873, 169642686665, vstest.console.dll, AssemblyResolver.OnResolve: Microsoft.Bcl.AsyncInterfaces: Failed to load assembly.
TpTrace Verbose: 0 : 10276, 1, 2022/02/15, 08:10:11.873, 169642686925, vstest.console.dll, CurrentDomainAssemblyResolve: Resolving assembly 'Microsoft.Bcl.AsyncInterfaces'.
TpTrace Information: 0 : 10276, 1, 2022/02/15, 08:10:11.873, 169642687256, vstest.console.dll, AssemblyResolver.OnResolve: Microsoft.Bcl.AsyncInterfaces: Resolving assembly.
TpTrace Information: 0 : 10276, 1, 2022/02/15, 08:10:11.873, 169642687493, vstest.console.dll, AssemblyResolver.OnResolve: Microsoft.Bcl.AsyncInterfaces: Resolved from cache.
TpTrace Verbose: 0 : 10276, 1, 2022/02/15, 08:10:11.873, 169642687713, vstest.console.dll, CurrentDomainAssemblyResolve: Resolving assembly 'Microsoft.Bcl.AsyncInterfaces'.
TpTrace Verbose: 0 : 10276, 1, 2022/02/15, 08:10:11.873, 169642687947, vstest.console.dll, CurrentDomainAssemblyResolve: Failed to resolve assembly 'Microsoft.Bcl.AsyncInterfaces'.
TpTrace Verbose: 0 : 10276, 1, 2022/02/15, 08:10:11.881, 169642702036, vstest.console.dll, CurrentDomainAssemblyResolve: Failed to resolve assembly 'Microsoft.Bcl.AsyncInterfaces'.
TpTrace Warning: 0 : 10276, 1, 2022/02/15, 08:10:11.915, 169642769854, vstest.console.dll, TestPluginDiscoverer: Failed to get types from assembly 'Microsoft.Diagnostics.NETCore.Client, Version=0.2.4.21401, Culture=neutral, PublicKeyToken=31bf3856ad364e35'.  Skipping test extension scan for this assembly.  Error: System.Reflection.ReflectionTypeLoadException: Unable to load one or more of the requested types.
Could not load file or assembly 'Microsoft.Bcl.AsyncInterfaces, Version=1.0.0.0, Culture=neutral, PublicKeyToken=cc7b13ffcd2ddd51'. O sistema não pode encontrar o arquivo especificado.
   at System.Reflection.RuntimeModule.GetTypes(RuntimeModule module)
   at System.Reflection.Assembly.GetTypes()
   at Microsoft.VisualStudio.TestPlatform.Common.ExtensionFramework.TestPluginDiscoverer.GetTestExtensionsFromAssembly[TPluginInfo,TExtension](Assembly assembly, Dictionary`2 pluginInfos)
System.IO.FileNotFoundException: Could not load file or assembly 'Microsoft.Bcl.AsyncInterfaces, Version=1.0.0.0, Culture=neutral, PublicKeyToken=cc7b13ffcd2ddd51'. O sistema não pode encontrar o arquivo especificado.
File name: 'Microsoft.Bcl.AsyncInterfaces, Version=1.0.0.0, Culture=neutral, PublicKeyToken=cc7b13ffcd2ddd51'
 ---> System.IO.FileNotFoundException: Could not load file or assembly 'Microsoft.Bcl.AsyncInterfaces, Culture=neutral, PublicKeyToken=null'. O sistema não pode encontrar o arquivo especificado.
File name: 'Microsoft.Bcl.AsyncInterfaces, Culture=neutral, PublicKeyToken=null'
   at System.Reflection.RuntimeAssembly.InternalLoad(ObjectHandleOnStack assemblyName, ObjectHandleOnStack requestingAssembly, StackCrawlMarkHandle stackMark, Boolean throwOnFileNotFound, ObjectHandleOnStack assemblyLoadContext, ObjectHandleOnStack retAssembly)
   at System.Reflection.RuntimeAssembly.InternalLoad(AssemblyName assemblyName, RuntimeAssembly requestingAssembly, StackCrawlMark& stackMark, Boolean throwOnFileNotFound, AssemblyLoadContext assemblyLoadContext)
   at System.Reflection.Assembly.Load(AssemblyName assemblyRef)
   at Microsoft.VisualStudio.TestPlatform.Common.ExtensionFramework.TestPluginCache.CurrentDomainAssemblyResolve(Object sender, AssemblyResolveEventArgs args)
   at Microsoft.VisualStudio.TestPlatform.PlatformAbstractions.PlatformAssemblyResolver.AssemblyResolverEvent(Object sender, Object eventArgs)
   at System.Runtime.Loader.AssemblyLoadContext.GetFirstResolvedAssemblyFromResolvingEvent(AssemblyName assemblyName)
   at System.Runtime.Loader.AssemblyLoadContext.ResolveUsingEvent(AssemblyName assemblyName)
   at System.Runtime.Loader.AssemblyLoadContext.ResolveUsingResolvingEvent(IntPtr gchManagedAssemblyLoadContext, AssemblyName assemblyName)
TpTrace Warning: 0 : 10276, 1, 2022/02/15, 08:10:11.916, 169642770371, vstest.console.dll, LoaderExceptions: System.IO.FileNotFoundException: Could not load file or assembly 'Microsoft.Bcl.AsyncInterfaces, Version=1.0.0.0, Culture=neutral, PublicKeyToken=cc7b13ffcd2ddd51'. O sistema não pode encontrar o arquivo especificado.
File name: 'Microsoft.Bcl.AsyncInterfaces, Version=1.0.0.0, Culture=neutral, PublicKeyToken=cc7b13ffcd2ddd51'
 ---> System.IO.FileNotFoundException: Could not load file or assembly 'Microsoft.Bcl.AsyncInterfaces, Culture=neutral, PublicKeyToken=null'. O sistema não pode encontrar o arquivo especificado.
File name: 'Microsoft.Bcl.AsyncInterfaces, Culture=neutral, PublicKeyToken=null'
   at System.Reflection.RuntimeAssembly.InternalLoad(ObjectHandleOnStack assemblyName, ObjectHandleOnStack requestingAssembly, StackCrawlMarkHandle stackMark, Boolean throwOnFileNotFound, ObjectHandleOnStack assemblyLoadContext, ObjectHandleOnStack retAssembly)
   at System.Reflection.RuntimeAssembly.InternalLoad(AssemblyName assemblyName, RuntimeAssembly requestingAssembly, StackCrawlMark& stackMark, Boolean throwOnFileNotFound, AssemblyLoadContext assemblyLoadContext)
   at System.Reflection.Assembly.Load(AssemblyName assemblyRef)
   at Microsoft.VisualStudio.TestPlatform.Common.ExtensionFramework.TestPluginCache.CurrentDomainAssemblyResolve(Object sender, AssemblyResolveEventArgs args)
   at Microsoft.VisualStudio.TestPlatform.PlatformAbstractions.PlatformAssemblyResolver.AssemblyResolverEvent(Object sender, Object eventArgs)
   at System.Runtime.Loader.AssemblyLoadContext.GetFirstResolvedAssemblyFromResolvingEvent(AssemblyName assemblyName)
   at System.Runtime.Loader.AssemblyLoadContext.ResolveUsingEvent(AssemblyName assemblyName)
   at System.Runtime.Loader.AssemblyLoadContext.ResolveUsingResolvingEvent(IntPtr gchManagedAssemblyLoadContext, AssemblyName assemblyName)
TpTrace Information: 0 : 10276, 1, 2022/02/15, 08:10:11.916, 169642770703, vstest.console.dll, AssemblyResolver.OnResolve: Microsoft.TestPlatform.Extensions.BlameDataCollector: Resolving assembly.
TpTrace Information: 0 : 10276, 1, 2022/02/15, 08:10:11.916, 169642770913, vstest.console.dll, AssemblyResolver.OnResolve: Microsoft.TestPlatform.Extensions.BlameDataCollector: Searching in: 'C:\Program Files\dotnet\sdk\6.0.100\Extensions'.
TpTrace Information: 0 : 10276, 1, 2022/02/15, 08:10:11.923, 169642784311, vstest.console.dll, AssemblyResolver.OnResolve: Microsoft.TestPlatform.Extensions.BlameDataCollector: Loading assembly 'C:\Program Files\dotnet\sdk\6.0.100\Extensions\Microsoft.TestPlatform.Extensions.BlameDataCollector.dll'.
TpTrace Information: 0 : 10276, 1, 2022/02/15, 08:10:11.924, 169642785605, vstest.console.dll, AssemblyResolver.OnResolve: Resolved assembly: Microsoft.TestPlatform.Extensions.BlameDataCollector, from path: C:\Program Files\dotnet\sdk\6.0.100\Extensions\Microsoft.TestPlatform.Extensions.BlameDataCollector.dll
TpTrace Information: 0 : 10276, 1, 2022/02/15, 08:10:11.924, 169642787334, vstest.console.dll, AssemblyResolver.OnResolve: Microsoft.TestPlatform.Extensions.EventLogCollector: Resolving assembly.
TpTrace Information: 0 : 10276, 1, 2022/02/15, 08:10:11.925, 169642788798, vstest.console.dll, AssemblyResolver.OnResolve: Microsoft.TestPlatform.Extensions.EventLogCollector: Searching in: 'C:\Program Files\dotnet\sdk\6.0.100\Extensions'.
TpTrace Information: 0 : 10276, 1, 2022/02/15, 08:10:11.935, 169642808075, vstest.console.dll, AssemblyResolver.OnResolve: Microsoft.TestPlatform.Extensions.EventLogCollector: Loading assembly 'C:\Program Files\dotnet\sdk\6.0.100\Extensions\Microsoft.TestPlatform.Extensions.EventLogCollector.dll'.
TpTrace Information: 0 : 10276, 1, 2022/02/15, 08:10:11.936, 169642809371, vstest.console.dll, AssemblyResolver.OnResolve: Resolved assembly: Microsoft.TestPlatform.Extensions.EventLogCollector, from path: C:\Program Files\dotnet\sdk\6.0.100\Extensions\Microsoft.TestPlatform.Extensions.EventLogCollector.dll
TpTrace Information: 0 : 10276, 1, 2022/02/15, 08:10:11.937, 169642812565, vstest.console.dll, AssemblyResolver.OnResolve: Microsoft.TestPlatform.TestHostRuntimeProvider: Resolving assembly.
TpTrace Information: 0 : 10276, 1, 2022/02/15, 08:10:11.938, 169642813002, vstest.console.dll, AssemblyResolver.OnResolve: Microsoft.TestPlatform.TestHostRuntimeProvider: Searching in: 'C:\Program Files\dotnet\sdk\6.0.100\Extensions'.
TpTrace Information: 0 : 10276, 1, 2022/02/15, 08:10:11.945, 169642828196, vstest.console.dll, AssemblyResolver.OnResolve: Microsoft.TestPlatform.TestHostRuntimeProvider: Loading assembly 'C:\Program Files\dotnet\sdk\6.0.100\Extensions\Microsoft.TestPlatform.TestHostRuntimeProvider.dll'.
TpTrace Information: 0 : 10276, 1, 2022/02/15, 08:10:11.946, 169642829790, vstest.console.dll, AssemblyResolver.OnResolve: Resolved assembly: Microsoft.TestPlatform.TestHostRuntimeProvider, from path: C:\Program Files\dotnet\sdk\6.0.100\Extensions\Microsoft.TestPlatform.TestHostRuntimeProvider.dll
TpTrace Information: 0 : 10276, 1, 2022/02/15, 08:10:11.949, 169642834202, vstest.console.dll, AssemblyResolver.OnResolve: Microsoft.VisualStudio.TestPlatform.Extensions.Html.TestLogger: Resolving assembly.
TpTrace Information: 0 : 10276, 1, 2022/02/15, 08:10:11.949, 169642834692, vstest.console.dll, AssemblyResolver.OnResolve: Microsoft.VisualStudio.TestPlatform.Extensions.Html.TestLogger: Searching in: 'C:\Program Files\dotnet\sdk\6.0.100\Extensions'.
TpTrace Information: 0 : 10276, 1, 2022/02/15, 08:10:11.962, 169642859598, vstest.console.dll, AssemblyResolver.OnResolve: Microsoft.VisualStudio.TestPlatform.Extensions.Html.TestLogger: Loading assembly 'C:\Program Files\dotnet\sdk\6.0.100\Extensions\Microsoft.VisualStudio.TestPlatform.Extensions.Html.TestLogger.dll'.
TpTrace Information: 0 : 10276, 1, 2022/02/15, 08:10:11.963, 169642861840, vstest.console.dll, AssemblyResolver.OnResolve: Resolved assembly: Microsoft.VisualStudio.TestPlatform.Extensions.Html.TestLogger, from path: C:\Program Files\dotnet\sdk\6.0.100\Extensions\Microsoft.VisualStudio.TestPlatform.Extensions.Html.TestLogger.dll
TpTrace Information: 0 : 10276, 1, 2022/02/15, 08:10:11.963, 169642863076, vstest.console.dll, AssemblyResolver.OnResolve: Microsoft.VisualStudio.TestPlatform.Extensions.Trx.TestLogger: Resolving assembly.
TpTrace Information: 0 : 10276, 1, 2022/02/15, 08:10:11.964, 169642863354, vstest.console.dll, AssemblyResolver.OnResolve: Microsoft.VisualStudio.TestPlatform.Extensions.Trx.TestLogger: Searching in: 'C:\Program Files\dotnet\sdk\6.0.100\Extensions'.
TpTrace Information: 0 : 10276, 1, 2022/02/15, 08:10:11.972, 169642879092, vstest.console.dll, AssemblyResolver.OnResolve: Microsoft.VisualStudio.TestPlatform.Extensions.Trx.TestLogger: Loading assembly 'C:\Program Files\dotnet\sdk\6.0.100\Extensions\Microsoft.VisualStudio.TestPlatform.Extensions.Trx.TestLogger.dll'.
TpTrace Information: 0 : 10276, 1, 2022/02/15, 08:10:11.972, 169642880717, vstest.console.dll, AssemblyResolver.OnResolve: Resolved assembly: Microsoft.VisualStudio.TestPlatform.Extensions.Trx.TestLogger, from path: C:\Program Files\dotnet\sdk\6.0.100\Extensions\Microsoft.VisualStudio.TestPlatform.Extensions.Trx.TestLogger.dll
TpTrace Verbose: 0 : 10276, 1, 2022/02/15, 08:10:11.973, 169642882027, vstest.console.dll, TestPluginCache: Discovered the extensions using extension path ''.
TpTrace Verbose: 0 : 10276, 1, 2022/02/15, 08:10:11.973, 169642882297, vstest.console.dll, TestPluginCache: Discoverers are ''.
TpTrace Verbose: 0 : 10276, 1, 2022/02/15, 08:10:11.973, 169642882555, vstest.console.dll, TestPluginCache: Executors are ''.
TpTrace Verbose: 0 : 10276, 1, 2022/02/15, 08:10:11.974, 169642882869, vstest.console.dll, TestPluginCache: Executors2 are ''.
TpTrace Verbose: 0 : 10276, 1, 2022/02/15, 08:10:11.974, 169642883133, vstest.console.dll, TestPluginCache: Setting providers are ''.
TpTrace Verbose: 0 : 10276, 1, 2022/02/15, 08:10:11.974, 169642883332, vstest.console.dll, TestPluginCache: Loggers are ''.
TpTrace Information: 0 : 10276, 1, 2022/02/15, 08:10:11.980, 169642894880, vstest.console.dll, RunTestsArgumentProcessor:Execute: Test run is starting.
TpTrace Verbose: 0 : 10276, 1, 2022/02/15, 08:10:11.980, 169642895403, vstest.console.dll, RunTestsArgumentProcessor:Execute: Queuing Test run.
TpTrace Information: 0 : 10276, 1, 2022/02/15, 08:10:11.980, 169642896116, vstest.console.dll, TestRequestManager.RunTests: run tests started.
TpTrace Information: 0 : 10276, 1, 2022/02/15, 08:10:11.995, 169642924940, vstest.console.dll, AssemblyMetadataProvider.GetFrameWork: Determined framework:'.NETCoreApp,Version=v6.0' for source: 'D:\ProjetosGit\katas-csharp\katas-csharp.Tests\bin\Debug\net6.0\fine-code-coverage\build-output\katas-csharp.Tests.dll'
TpTrace Information: 0 : 10276, 1, 2022/02/15, 08:10:11.995, 169642925442, vstest.console.dll, Determined framework for all sources: .NETCoreApp,Version=v6.0
TpTrace Information: 0 : 10276, 1, 2022/02/15, 08:10:11.996, 169642926365, vstest.console.dll, AssemblyMetadataProvider.GetArchitecture: Determined architecture:AnyCPU info for assembly: D:\ProjetosGit\katas-csharp\katas-csharp.Tests\bin\Debug\net6.0\fine-code-coverage\build-output\katas-csharp.Tests.dll
TpTrace Information: 0 : 10276, 1, 2022/02/15, 08:10:11.998, 169642929739, vstest.console.dll, Determined platform for all sources: X64
TpTrace Information: 0 : 10276, 1, 2022/02/15, 08:10:12.000, 169642934678, vstest.console.dll, Compatible sources list : 
TpTrace Information: 0 : 10276, 1, 2022/02/15, 08:10:12.000, 169642935005, vstest.console.dll, D:\ProjetosGit\katas-csharp\katas-csharp.Tests\bin\Debug\net6.0\fine-code-coverage\build-output\katas-csharp.Tests.dll
TpTrace Information: 0 : 10276, 1, 2022/02/15, 08:10:12.009, 169642951262, vstest.console.dll, InferRunSettingsHelper.IsTestSettingsEnabled: Unable to navigate to RunSettings/MSTest. Current node: RunSettings
TpTrace Information: 0 : 10276, 1, 2022/02/15, 08:10:12.009, 169642952703, vstest.console.dll, AssemblyResolver.OnResolve: Microsoft.VisualStudio.TestPlatform.Fakes: Resolving assembly.
TpTrace Information: 0 : 10276, 1, 2022/02/15, 08:10:12.010, 169642953306, vstest.console.dll, AssemblyResolver.OnResolve: Microsoft.VisualStudio.TestPlatform.Fakes: Searching in: 'C:\Program Files\dotnet\sdk\6.0.100\Extensions'.
TpTrace Information: 0 : 10276, 1, 2022/02/15, 08:10:12.010, 169642953655, vstest.console.dll, AssemblyResolver.OnResolve: Microsoft.VisualStudio.TestPlatform.Fakes: Assembly path does not exist: 'C:\Program Files\dotnet\sdk\6.0.100\Extensions\Microsoft.VisualStudio.TestPlatform.Fakes.dll', returning.
TpTrace Information: 0 : 10276, 1, 2022/02/15, 08:10:12.010, 169642953932, vstest.console.dll, AssemblyResolver.OnResolve: Microsoft.VisualStudio.TestPlatform.Fakes: Assembly path does not exist: 'C:\Program Files\dotnet\sdk\6.0.100\Extensions\Microsoft.VisualStudio.TestPlatform.Fakes.exe', returning.
TpTrace Information: 0 : 10276, 1, 2022/02/15, 08:10:12.010, 169642954138, vstest.console.dll, AssemblyResolver.OnResolve: Microsoft.VisualStudio.TestPlatform.Fakes: Searching in: 'C:\Program Files\dotnet\sdk\6.0.100'.
TpTrace Information: 0 : 10276, 1, 2022/02/15, 08:10:12.010, 169642954418, vstest.console.dll, AssemblyResolver.OnResolve: Microsoft.VisualStudio.TestPlatform.Fakes: Assembly path does not exist: 'C:\Program Files\dotnet\sdk\6.0.100\Microsoft.VisualStudio.TestPlatform.Fakes.dll', returning.
TpTrace Information: 0 : 10276, 1, 2022/02/15, 08:10:12.010, 169642954690, vstest.console.dll, AssemblyResolver.OnResolve: Microsoft.VisualStudio.TestPlatform.Fakes: Assembly path does not exist: 'C:\Program Files\dotnet\sdk\6.0.100\Microsoft.VisualStudio.TestPlatform.Fakes.exe', returning.
TpTrace Information: 0 : 10276, 1, 2022/02/15, 08:10:12.011, 169642954893, vstest.console.dll, AssemblyResolver.OnResolve: Microsoft.VisualStudio.TestPlatform.Fakes: Failed to load assembly.
TpTrace Information: 0 : 10276, 1, 2022/02/15, 08:10:12.011, 169642955710, vstest.console.dll, Failed to load assembly Microsoft.VisualStudio.TestPlatform.Fakes, Version=17.0.0.0, Culture=neutral. Reason:System.IO.FileNotFoundException: Could not load file or assembly 'Microsoft.VisualStudio.TestPlatform.Fakes, Version=17.0.0.0, Culture=neutral, PublicKeyToken=null'. O sistema não pode encontrar o arquivo especificado.
File name: 'Microsoft.VisualStudio.TestPlatform.Fakes, Version=17.0.0.0, Culture=neutral, PublicKeyToken=null'
   at System.Reflection.RuntimeAssembly.InternalLoad(ObjectHandleOnStack assemblyName, ObjectHandleOnStack requestingAssembly, StackCrawlMarkHandle stackMark, Boolean throwOnFileNotFound, ObjectHandleOnStack assemblyLoadContext, ObjectHandleOnStack retAssembly)
   at System.Reflection.RuntimeAssembly.InternalLoad(AssemblyName assemblyName, RuntimeAssembly requestingAssembly, StackCrawlMark& stackMark, Boolean throwOnFileNotFound, AssemblyLoadContext assemblyLoadContext)
   at System.Reflection.Assembly.Load(AssemblyName assemblyRef)
   at Microsoft.VisualStudio.TestPlatform.Common.Utilities.FakesUtilities.LoadTestPlatformAssembly()
TpTrace Verbose: 0 : 10276, 1, 2022/02/15, 08:10:12.015, 169642962786, vstest.console.dll, TestPluginCache.DiscoverTestExtensions: finding test extensions in assemblies ends with: TestLogger.dll TPluginInfo: Microsoft.VisualStudio.TestPlatform.Common.ExtensionFramework.Utilities.TestLoggerPluginInformation TExtension: Microsoft.VisualStudio.TestPlatform.ObjectModel.Client.ITestLogger
TpTrace Verbose: 0 : 10276, 1, 2022/02/15, 08:10:12.015, 169642963127, vstest.console.dll, TestPluginCache.GetExtensionPaths: Filtered extension paths: 
TpTrace Verbose: 0 : 10276, 1, 2022/02/15, 08:10:12.015, 169642963362, vstest.console.dll, TestPluginCache.GetExtensionPaths: Added default extension paths: C:\Program Files\dotnet\sdk\6.0.100\Extensions\Microsoft.Diagnostics.NETCore.Client.dll
C:\Program Files\dotnet\sdk\6.0.100\Extensions\Microsoft.TestPlatform.Extensions.BlameDataCollector.dll
C:\Program Files\dotnet\sdk\6.0.100\Extensions\Microsoft.TestPlatform.Extensions.EventLogCollector.dll
C:\Program Files\dotnet\sdk\6.0.100\Extensions\Microsoft.TestPlatform.TestHostRuntimeProvider.dll
C:\Program Files\dotnet\sdk\6.0.100\Extensions\Microsoft.VisualStudio.TestPlatform.Extensions.Html.TestLogger.dll
C:\Program Files\dotnet\sdk\6.0.100\Extensions\Microsoft.VisualStudio.TestPlatform.Extensions.Trx.TestLogger.dll
TpTrace Verbose: 0 : 10276, 1, 2022/02/15, 08:10:12.015, 169642963587, vstest.console.dll, TestPluginCache.GetExtensionPaths: Added unfilterableExtensionPaths: 
TpTrace Information: 0 : 10276, 1, 2022/02/15, 08:10:12.015, 169642963988, vstest.console.dll, AssemblyResolver.AddSearchDirectories: Adding more searchDirectories C:\Program Files\dotnet\sdk\6.0.100\Extensions,C:\Program Files\dotnet\sdk\6.0.100
TpTrace Verbose: 0 : 10276, 1, 2022/02/15, 08:10:12.015, 169642964234, vstest.console.dll, TestPluginCache.DiscoverTestExtensions: Discovering the extensions using extension path.
TpTrace Verbose: 0 : 10276, 1, 2022/02/15, 08:10:12.016, 169642964470, vstest.console.dll, TestPluginCache.GetExtensionPaths: Filtered extension paths: 
TpTrace Verbose: 0 : 10276, 1, 2022/02/15, 08:10:12.016, 169642964683, vstest.console.dll, TestPluginCache.GetExtensionPaths: Added default extension paths: C:\Program Files\dotnet\sdk\6.0.100\Extensions\Microsoft.Diagnostics.NETCore.Client.dll
C:\Program Files\dotnet\sdk\6.0.100\Extensions\Microsoft.TestPlatform.Extensions.BlameDataCollector.dll
C:\Program Files\dotnet\sdk\6.0.100\Extensions\Microsoft.TestPlatform.Extensions.EventLogCollector.dll
C:\Program Files\dotnet\sdk\6.0.100\Extensions\Microsoft.TestPlatform.TestHostRuntimeProvider.dll
C:\Program Files\dotnet\sdk\6.0.100\Extensions\Microsoft.VisualStudio.TestPlatform.Extensions.Html.TestLogger.dll
C:\Program Files\dotnet\sdk\6.0.100\Extensions\Microsoft.VisualStudio.TestPlatform.Extensions.Trx.TestLogger.dll
TpTrace Verbose: 0 : 10276, 1, 2022/02/15, 08:10:12.016, 169642964916, vstest.console.dll, TestPluginCache.GetExtensionPaths: Added unfilterableExtensionPaths: 
TpTrace Verbose: 0 : 10276, 1, 2022/02/15, 08:10:12.016, 169642965137, vstest.console.dll, TestPluginCache.DiscoverTestExtensions: Discovering the extensions using allExtensionPaths: C:\Program Files\dotnet\sdk\6.0.100\Extensions\Microsoft.Diagnostics.NETCore.Client.dll
C:\Program Files\dotnet\sdk\6.0.100\Extensions\Microsoft.TestPlatform.Extensions.BlameDataCollector.dll
C:\Program Files\dotnet\sdk\6.0.100\Extensions\Microsoft.TestPlatform.Extensions.EventLogCollector.dll
C:\Program Files\dotnet\sdk\6.0.100\Extensions\Microsoft.TestPlatform.TestHostRuntimeProvider.dll
C:\Program Files\dotnet\sdk\6.0.100\Extensions\Microsoft.VisualStudio.TestPlatform.Extensions.Html.TestLogger.dll
C:\Program Files\dotnet\sdk\6.0.100\Extensions\Microsoft.VisualStudio.TestPlatform.Extensions.Trx.TestLogger.dll
TpTrace Information: 0 : 10276, 1, 2022/02/15, 08:10:12.016, 169642965384, vstest.console.dll, AssemblyResolver.AddSearchDirectories: Adding more searchDirectories C:\Program Files\dotnet\sdk\6.0.100\Extensions,C:\Program Files\dotnet\sdk\6.0.100
TpTrace Information: 0 : 10276, 1, 2022/02/15, 08:10:12.016, 169642965601, vstest.console.dll, AssemblyResolver.AddSearchDirectories: Adding more searchDirectories C:\Program Files\dotnet\sdk\6.0.100\Extensions,C:\Program Files\dotnet\sdk\6.0.100
TpTrace Information: 0 : 10276, 1, 2022/02/15, 08:10:12.016, 169642965807, vstest.console.dll, AssemblyResolver.AddSearchDirectories: Adding more searchDirectories C:\Program Files\dotnet\sdk\6.0.100\Extensions,C:\Program Files\dotnet\sdk\6.0.100
TpTrace Information: 0 : 10276, 1, 2022/02/15, 08:10:12.016, 169642966011, vstest.console.dll, AssemblyResolver.AddSearchDirectories: Adding more searchDirectories C:\Program Files\dotnet\sdk\6.0.100\Extensions,C:\Program Files\dotnet\sdk\6.0.100
TpTrace Information: 0 : 10276, 1, 2022/02/15, 08:10:12.016, 169642966236, vstest.console.dll, AssemblyResolver.AddSearchDirectories: Adding more searchDirectories C:\Program Files\dotnet\sdk\6.0.100\Extensions,C:\Program Files\dotnet\sdk\6.0.100
TpTrace Information: 0 : 10276, 1, 2022/02/15, 08:10:12.017, 169642966441, vstest.console.dll, AssemblyResolver.AddSearchDirectories: Adding more searchDirectories C:\Program Files\dotnet\sdk\6.0.100\Extensions,C:\Program Files\dotnet\sdk\6.0.100
TpTrace Information: 0 : 10276, 1, 2022/02/15, 08:10:12.017, 169642967203, vstest.console.dll, AssemblyResolver.OnResolve: Microsoft.Bcl.AsyncInterfaces: Resolving assembly.
TpTrace Information: 0 : 10276, 1, 2022/02/15, 08:10:12.017, 169642967467, vstest.console.dll, AssemblyResolver.OnResolve: Microsoft.Bcl.AsyncInterfaces: Resolved from cache.
TpTrace Verbose: 0 : 10276, 1, 2022/02/15, 08:10:12.017, 169642967684, vstest.console.dll, CurrentDomainAssemblyResolve: Resolving assembly 'Microsoft.Bcl.AsyncInterfaces'.
TpTrace Information: 0 : 10276, 1, 2022/02/15, 08:10:12.017, 169642967915, vstest.console.dll, AssemblyResolver.OnResolve: Microsoft.Bcl.AsyncInterfaces: Resolving assembly.
TpTrace Information: 0 : 10276, 1, 2022/02/15, 08:10:12.017, 169642968129, vstest.console.dll, AssemblyResolver.OnResolve: Microsoft.Bcl.AsyncInterfaces: Resolved from cache.
TpTrace Verbose: 0 : 10276, 1, 2022/02/15, 08:10:12.018, 169642968350, vstest.console.dll, CurrentDomainAssemblyResolve: Resolving assembly 'Microsoft.Bcl.AsyncInterfaces'.
TpTrace Verbose: 0 : 10276, 1, 2022/02/15, 08:10:12.018, 169642968581, vstest.console.dll, CurrentDomainAssemblyResolve: Failed to resolve assembly 'Microsoft.Bcl.AsyncInterfaces'.
TpTrace Verbose: 0 : 10276, 1, 2022/02/15, 08:10:12.018, 169642969213, vstest.console.dll, CurrentDomainAssemblyResolve: Failed to resolve assembly 'Microsoft.Bcl.AsyncInterfaces'.
TpTrace Warning: 0 : 10276, 1, 2022/02/15, 08:10:12.019, 169642970327, vstest.console.dll, TestPluginDiscoverer: Failed to get types from assembly 'Microsoft.Diagnostics.NETCore.Client, Version=0.2.4.21401, Culture=neutral, PublicKeyToken=31bf3856ad364e35'.  Skipping test extension scan for this assembly.  Error: System.Reflection.ReflectionTypeLoadException: Unable to load one or more of the requested types.
Could not load file or assembly 'Microsoft.Bcl.AsyncInterfaces, Version=1.0.0.0, Culture=neutral, PublicKeyToken=cc7b13ffcd2ddd51'. O sistema não pode encontrar o arquivo especificado.
   at System.Reflection.RuntimeModule.GetTypes(RuntimeModule module)
   at System.Reflection.Assembly.GetTypes()
   at Microsoft.VisualStudio.TestPlatform.Common.ExtensionFramework.TestPluginDiscoverer.GetTestExtensionsFromAssembly[TPluginInfo,TExtension](Assembly assembly, Dictionary`2 pluginInfos)
System.IO.FileNotFoundException: Could not load file or assembly 'Microsoft.Bcl.AsyncInterfaces, Version=1.0.0.0, Culture=neutral, PublicKeyToken=cc7b13ffcd2ddd51'. O sistema não pode encontrar o arquivo especificado.
File name: 'Microsoft.Bcl.AsyncInterfaces, Version=1.0.0.0, Culture=neutral, PublicKeyToken=cc7b13ffcd2ddd51'
 ---> System.IO.FileNotFoundException: Could not load file or assembly 'Microsoft.Bcl.AsyncInterfaces, Culture=neutral, PublicKeyToken=null'. O sistema não pode encontrar o arquivo especificado.
File name: 'Microsoft.Bcl.AsyncInterfaces, Culture=neutral, PublicKeyToken=null'
   at System.Reflection.RuntimeAssembly.InternalLoad(ObjectHandleOnStack assemblyName, ObjectHandleOnStack requestingAssembly, StackCrawlMarkHandle stackMark, Boolean throwOnFileNotFound, ObjectHandleOnStack assemblyLoadContext, ObjectHandleOnStack retAssembly)
   at System.Reflection.RuntimeAssembly.InternalLoad(AssemblyName assemblyName, RuntimeAssembly requestingAssembly, StackCrawlMark& stackMark, Boolean throwOnFileNotFound, AssemblyLoadContext assemblyLoadContext)
   at System.Reflection.Assembly.Load(AssemblyName assemblyRef)
   at Microsoft.VisualStudio.TestPlatform.Common.ExtensionFramework.TestPluginCache.CurrentDomainAssemblyResolve(Object sender, AssemblyResolveEventArgs args)
   at Microsoft.VisualStudio.TestPlatform.PlatformAbstractions.PlatformAssemblyResolver.AssemblyResolverEvent(Object sender, Object eventArgs)
   at System.Runtime.Loader.AssemblyLoadContext.GetFirstResolvedAssemblyFromResolvingEvent(AssemblyName assemblyName)
   at System.Runtime.Loader.AssemblyLoadContext.ResolveUsingEvent(AssemblyName assemblyName)
   at System.Runtime.Loader.AssemblyLoadContext.ResolveUsingResolvingEvent(IntPtr gchManagedAssemblyLoadContext, AssemblyName assemblyName)
TpTrace Warning: 0 : 10276, 1, 2022/02/15, 08:10:12.019, 169642970864, vstest.console.dll, LoaderExceptions: System.IO.FileNotFoundException: Could not load file or assembly 'Microsoft.Bcl.AsyncInterfaces, Version=1.0.0.0, Culture=neutral, PublicKeyToken=cc7b13ffcd2ddd51'. O sistema não pode encontrar o arquivo especificado.
File name: 'Microsoft.Bcl.AsyncInterfaces, Version=1.0.0.0, Culture=neutral, PublicKeyToken=cc7b13ffcd2ddd51'
 ---> System.IO.FileNotFoundException: Could not load file or assembly 'Microsoft.Bcl.AsyncInterfaces, Culture=neutral, PublicKeyToken=null'. O sistema não pode encontrar o arquivo especificado.
File name: 'Microsoft.Bcl.AsyncInterfaces, Culture=neutral, PublicKeyToken=null'
   at System.Reflection.RuntimeAssembly.InternalLoad(ObjectHandleOnStack assemblyName, ObjectHandleOnStack requestingAssembly, StackCrawlMarkHandle stackMark, Boolean throwOnFileNotFound, ObjectHandleOnStack assemblyLoadContext, ObjectHandleOnStack retAssembly)
   at System.Reflection.RuntimeAssembly.InternalLoad(AssemblyName assemblyName, RuntimeAssembly requestingAssembly, StackCrawlMark& stackMark, Boolean throwOnFileNotFound, AssemblyLoadContext assemblyLoadContext)
   at System.Reflection.Assembly.Load(AssemblyName assemblyRef)
   at Microsoft.VisualStudio.TestPlatform.Common.ExtensionFramework.TestPluginCache.CurrentDomainAssemblyResolve(Object sender, AssemblyResolveEventArgs args)
   at Microsoft.VisualStudio.TestPlatform.PlatformAbstractions.PlatformAssemblyResolver.AssemblyResolverEvent(Object sender, Object eventArgs)
   at System.Runtime.Loader.AssemblyLoadContext.GetFirstResolvedAssemblyFromResolvingEvent(AssemblyName assemblyName)
   at System.Runtime.Loader.AssemblyLoadContext.ResolveUsingEvent(AssemblyName assemblyName)
   at System.Runtime.Loader.AssemblyLoadContext.ResolveUsingResolvingEvent(IntPtr gchManagedAssemblyLoadContext, AssemblyName assemblyName)
TpTrace Verbose: 0 : 10276, 1, 2022/02/15, 08:10:12.019, 169642971912, vstest.console.dll, TestPluginCache: Discovered the extensions using extension path ''.
TpTrace Verbose: 0 : 10276, 1, 2022/02/15, 08:10:12.019, 169642972156, vstest.console.dll, TestPluginCache: Discoverers are ''.
TpTrace Verbose: 0 : 10276, 1, 2022/02/15, 08:10:12.020, 169642972370, vstest.console.dll, TestPluginCache: Executors are ''.
TpTrace Verbose: 0 : 10276, 1, 2022/02/15, 08:10:12.020, 169642972577, vstest.console.dll, TestPluginCache: Executors2 are ''.
TpTrace Verbose: 0 : 10276, 1, 2022/02/15, 08:10:12.020, 169642972778, vstest.console.dll, TestPluginCache: Setting providers are ''.
TpTrace Verbose: 0 : 10276, 1, 2022/02/15, 08:10:12.020, 169642973175, vstest.console.dll, TestPluginCache: Loggers are 'logger://Microsoft/TestPlatform/Extensions/Blame/v1,logger://Microsoft/TestPlatform/HtmlLogger/v1,logger://Microsoft/TestPlatform/TrxLogger/v1'.
TpTrace Information: 0 : 10276, 1, 2022/02/15, 08:10:12.021, 169642974542, vstest.console.dll, TestPluginManager.CreateTestExtension: Attempting to load test extension: Microsoft.TestPlatform.Extensions.BlameDataCollector.BlameLogger
TpTrace Information: 0 : 10276, 1, 2022/02/15, 08:10:12.026, 169642985461, vstest.console.dll, TestPluginManager.CreateTestExtension: Attempting to load test extension: Microsoft.VisualStudio.TestPlatform.CrossPlatEngine.Hosting.DefaultTestHostManager
TpTrace Information: 0 : 10276, 1, 2022/02/15, 08:10:12.027, 169642986372, vstest.console.dll, TestPluginManager.CreateTestExtension: Attempting to load test extension: Microsoft.VisualStudio.TestPlatform.CrossPlatEngine.Hosting.DotnetTestHostManager
TpTrace Verbose: 0 : 10276, 1, 2022/02/15, 08:10:12.027, 169642987773, vstest.console.dll, TestEngine: Initializing Parallel Execution as MaxCpuCount is set to: 1
TpTrace Information: 0 : 10276, 1, 2022/02/15, 08:10:12.028, 169642989027, vstest.console.dll, InferRunSettingsHelper.IsTestSettingsEnabled: Unable to navigate to RunSettings/MSTest. Current node: RunSettings
TpTrace Verbose: 0 : 10276, 1, 2022/02/15, 08:10:12.073, 169643077212, vstest.console.dll, TestRequestSender is acting as server
TpTrace Verbose: 0 : 10276, 5, 2022/02/15, 08:10:12.078, 169643086870, vstest.console.dll, DataCollectionRequestSender.InitializeCommunication : Initialize communication. 
TpTrace Information: 0 : 10276, 5, 2022/02/15, 08:10:12.087, 169643102958, vstest.console.dll, Listening on Endpoint : 127.0.0.1:51719
TpTrace Verbose: 0 : 10276, 5, 2022/02/15, 08:10:12.098, 169643125359, vstest.console.dll, DotnetDataCollectionLauncher: Full path of dotnet.exe is C:\Program Files\dotnet\dotnet.exe
TpTrace Verbose: 0 : 10276, 5, 2022/02/15, 08:10:12.099, 169643126121, vstest.console.dll, DotnetDataCollectionLauncher: Adding  --runtimeconfig "C:\Program Files\dotnet\sdk\6.0.100\datacollector.runtimeconfig.json" in args
TpTrace Verbose: 0 : 10276, 5, 2022/02/15, 08:10:12.099, 169643127040, vstest.console.dll, DotnetDataCollectionLauncher: Adding  --depsfile "C:\Program Files\dotnet\sdk\6.0.100\datacollector.deps.json" in args
TpTrace Information: 0 : 10276, 5, 2022/02/15, 08:10:12.123, 169643174160, vstest.console.dll, ProxyDataCollectionManager.Initialize: Launched datacollector processId: 14728 port: 51719
TpTrace Information: 0 : 10276, 5, 2022/02/15, 08:10:12.124, 169643174779, vstest.console.dll, ProxyDataCollectionManager.Initialize: waiting for connection with timeout: 90 seconds
TpTrace Verbose: 0 : 10276, 5, 2022/02/15, 08:10:12.124, 169643175176, vstest.console.dll, DataCollectionRequestSender.WaitForRequestHandlerConnection : Waiting for connection with timeout: 90000
TpTrace Information: 0 : 10276, 8, 2022/02/15, 08:10:12.287, 169643492611, vstest.console.dll, Using the buffer size of 16384 bytes
TpTrace Information: 0 : 10276, 8, 2022/02/15, 08:10:12.287, 169643492997, vstest.console.dll, Accepted Client request and set the flag
TpTrace Verbose: 0 : 10276, 5, 2022/02/15, 08:10:12.287, 169643492880, vstest.console.dll, ProxyDataCollectionManager.InvokeDataCollectionServiceAction: Starting.
TpTrace Information: 0 : 10276, 5, 2022/02/15, 08:10:12.288, 169643493835, vstest.console.dll, ProxyDataCollectionManager.BeforeTestRunStart: Get environment variable and port for datacollector processId: 14728 port: 51719
TpTrace Verbose: 0 : 10276, 5, 2022/02/15, 08:10:12.288, 169643494509, vstest.console.dll, DataCollectionRequestSender.SendBeforeTestRunStartAndGetResult : Send BeforeTestRunStart message with settingsXml <RunSettings><RunConfiguration><ResultsDirectory>D:\ProjetosGit\katas-csharp\katas-csharp.Tests\bin\Debug\net6.0\fine-code-coverage\coverage-tool-output</ResultsDirectory><TargetPlatform>X64</TargetPlatform><TargetFrameworkVersion>.NETCoreApp,Version=v6.0</TargetFrameworkVersion><DesignMode>False</DesignMode><CollectSourceInformation>False</CollectSourceInformation><TestAdaptersPaths>C:\Program Files\dotnet\sdk\6.0.100\Extensions</TestAdaptersPaths></RunConfiguration><LoggerRunSettings><Loggers><Logger friendlyName="blame" enabled="True" /><Logger friendlyName="Console" uri="logger://microsoft/TestPlatform/ConsoleLogger/v1" assemblyQualifiedName="Microsoft.VisualStudio.TestPlatform.CommandLine.Internal.ConsoleLogger, vstest.console, Version=15.0.0.0, Culture=neutral, PublicKeyToken=b03f5f7f11d50a3a" codeBase="C:\Program Files\dotnet\sdk\6.0.100\vstest.console.dll" enabled="True" /></Loggers></LoggerRunSettings><DataCollectionRunSettings><DataCollectors><DataCollector friendlyName="blame" enabled="True"><Configuration><ResultsDirectory>D:\ProjetosGit\katas-csharp\katas-csharp.Tests\bin\Debug\net6.0\fine-code-coverage\coverage-tool-output</ResultsDirectory></Configuration></DataCollector></DataCollectors></DataCollectionRunSettings></RunSettings> and sources System.Linq.Enumerable+Concat2Iterator`1[System.String]: 
TpTrace Verbose: 0 : 10276, 5, 2022/02/15, 08:10:12.384, 169643681077, vstest.console.dll, DataCollectionRequestSender.SendBeforeTestRunStartAndGetResult : Received message: (DataCollection.SendMessage) -> {
  "FriendlyName": null,
  "Uri": null,
  "TestCaseId": "00000000-0000-0000-0000-000000000000",
  "Message": "Logging DataCollector Diagnostics in file: D:\\ProjetosGit\\katas-csharp\\katas-csharp.Tests\\bin\\Debug\\net6.0\\fine-code-coverage\\coverage-tool-output\\diagnostics.datacollector.22-02-15_08-10-12_09813_5.log",
  "Level": 0
}
TpTrace Verbose: 0 : 10276, 5, 2022/02/15, 08:10:12.644, 169644187583, vstest.console.dll, DataCollectionRequestSender.SendBeforeTestRunStartAndGetResult : Received message: (DataCollection.BeforeTestRunStartResult) -> {
  "EnvironmentVariables": {},
  "DataCollectionEventsPort": 51721
}
TpTrace Information: 0 : 10276, 5, 2022/02/15, 08:10:12.667, 169644231216, vstest.console.dll, ProxyDataCollectionManager.BeforeTestRunStart: SendBeforeTestRunStartAndGetResult successful, env variable from datacollector:   and testhost port: 51721
TpTrace Information: 0 : 10276, 5, 2022/02/15, 08:10:12.668, 169644232925, vstest.console.dll, ProxyDataCollectionManager.InvokeDataCollectionServiceAction: Completed.
TpTrace Verbose: 0 : 10276, 1, 2022/02/15, 08:10:12.669, 169644234847, vstest.console.dll, TestRunRequest.ExecuteAsync: Creating test run request.
TpTrace Verbose: 0 : 10276, 1, 2022/02/15, 08:10:12.670, 169644237158, vstest.console.dll, TestRunRequest.ExecuteAsync: Starting.
TpTrace Information: 0 : 10276, 1, 2022/02/15, 08:10:12.671, 169644239807, vstest.console.dll, TestRunRequest.ExecuteAsync: Starting run with settings:TestRunCriteria:
   KeepAlive=False,FrequencyOfRunStatsChangeEvent=10,RunStatsChangeEventTimeout=00:00:01.5000000,TestCaseFilter=,TestExecutorLauncher=
   Settingsxml=<RunSettings>
  <RunConfiguration>
    <ResultsDirectory>D:\ProjetosGit\katas-csharp\katas-csharp.Tests\bin\Debug\net6.0\fine-code-coverage\coverage-tool-output</ResultsDirectory>
    <TargetPlatform>X64</TargetPlatform>
    <TargetFrameworkVersion>.NETCoreApp,Version=v6.0</TargetFrameworkVersion>
    <DesignMode>False</DesignMode>
    <CollectSourceInformation>False</CollectSourceInformation>
  </RunConfiguration>
  <LoggerRunSettings>
    <Loggers>
      <Logger friendlyName="blame" enabled="True" />
      <Logger friendlyName="Console" uri="logger://microsoft/TestPlatform/ConsoleLogger/v1" assemblyQualifiedName="Microsoft.VisualStudio.TestPlatform.CommandLine.Internal.ConsoleLogger, vstest.console, Version=15.0.0.0, Culture=neutral, PublicKeyToken=b03f5f7f11d50a3a" codeBase="C:\Program Files\dotnet\sdk\6.0.100\vstest.console.dll" enabled="True" />
    </Loggers>
  </LoggerRunSettings>
  <DataCollectionRunSettings>
    <DataCollectors>
      <DataCollector friendlyName="blame" enabled="True">
        <Configuration>
          <ResultsDirectory>D:\ProjetosGit\katas-csharp\katas-csharp.Tests\bin\Debug\net6.0\fine-code-coverage\coverage-tool-output</ResultsDirectory>
        </Configuration>
      </DataCollector>
    </DataCollectors>
  </DataCollectionRunSettings>
</RunSettings>

TpTrace Verbose: 0 : 10276, 1, 2022/02/15, 08:10:12.672, 169644240975, vstest.console.dll, TestRunRequest.ExecuteAsync: Wait for the first run request is over.
TpTrace Verbose: 0 : 10276, 1, 2022/02/15, 08:10:12.673, 169644244169, vstest.console.dll, ParallelProxyExecutionManager: Start execution. Total sources: 1
TpTrace Information: 0 : 10276, 1, 2022/02/15, 08:10:12.676, 169644249497, vstest.console.dll, ProxyParallelExecutionManager: Triggering test run for next source: D:\ProjetosGit\katas-csharp\katas-csharp.Tests\bin\Debug\net6.0\fine-code-coverage\build-output\katas-csharp.Tests.dll
TpTrace Verbose: 0 : 10276, 5, 2022/02/15, 08:10:12.677, 169644251703, vstest.console.dll, ParallelProxyExecutionManager: Execution started. Started clients: 1
TpTrace Verbose: 0 : 10276, 1, 2022/02/15, 08:10:12.677, 169644252236, vstest.console.dll, ProxyParallelExecutionManager: No sources available for execution.
TpTrace Information: 0 : 10276, 1, 2022/02/15, 08:10:12.679, 169644254910, vstest.console.dll, TestRunRequest.ExecuteAsync: Started.
TpTrace Verbose: 0 : 10276, 5, 2022/02/15, 08:10:12.679, 169644255405, vstest.console.dll, TestRunRequest:SendTestRunMessage: Starting.
TpTrace Verbose: 0 : 10276, 1, 2022/02/15, 08:10:12.680, 169644256952, vstest.console.dll, TestRunRequest.WaitForCompletion: Waiting with timeout -1.
TpTrace Information: 0 : 10276, 5, 2022/02/15, 08:10:12.681, 169644258373, vstest.console.dll, TestRunRequest:SendTestRunMessage: Completed.
TpTrace Verbose: 0 : 10276, 5, 2022/02/15, 08:10:12.682, 169644261883, vstest.console.dll, ProxyExecutionManager: Test host is always Lazy initialize.
TpTrace Verbose: 0 : 10276, 5, 2022/02/15, 08:10:12.684, 169644265409, vstest.console.dll, TestRequestSender.InitializeCommunication: initialize communication. 
TpTrace Information: 0 : 10276, 5, 2022/02/15, 08:10:12.686, 169644268841, vstest.console.dll, SocketServer.Start: Listening on endpoint : 127.0.0.1:51722
TpTrace Verbose: 0 : 10276, 5, 2022/02/15, 08:10:12.699, 169644293499, vstest.console.dll, DotnetTestHostmanager: Adding  --runtimeconfig "D:\ProjetosGit\katas-csharp\katas-csharp.Tests\bin\Debug\net6.0\fine-code-coverage\build-output\katas-csharp.Tests.runtimeconfig.json" in args
TpTrace Verbose: 0 : 10276, 5, 2022/02/15, 08:10:12.700, 169644295510, vstest.console.dll, DotnetTestHostmanager: Adding  --depsfile "D:\ProjetosGit\katas-csharp\katas-csharp.Tests\bin\Debug\net6.0\fine-code-coverage\build-output\katas-csharp.Tests.deps.json" in args
TpTrace Verbose: 0 : 10276, 5, 2022/02/15, 08:10:12.701, 169644298545, vstest.console.dll, DotnetTestHostManager: Testhost.exe/testhost.x86.exe found at path: D:\ProjetosGit\katas-csharp\katas-csharp.Tests\bin\Debug\net6.0\fine-code-coverage\build-output\testhost.exe
TpTrace Verbose: 0 : 10276, 5, 2022/02/15, 08:10:12.702, 169644300050, vstest.console.dll, DotnetTestHostmanager: Full path of host exe is D:\ProjetosGit\katas-csharp\katas-csharp.Tests\bin\Debug\net6.0\fine-code-coverage\build-output\testhost.exe
TpTrace Verbose: 0 : 10276, 7, 2022/02/15, 08:10:12.705, 169644305873, vstest.console.dll, DotnetTestHostManager: Starting process 'D:\ProjetosGit\katas-csharp\katas-csharp.Tests\bin\Debug\net6.0\fine-code-coverage\build-output\testhost.exe' with command line ' --runtimeconfig "D:\ProjetosGit\katas-csharp\katas-csharp.Tests\bin\Debug\net6.0\fine-code-coverage\build-output\katas-csharp.Tests.runtimeconfig.json" --depsfile "D:\ProjetosGit\katas-csharp\katas-csharp.Tests\bin\Debug\net6.0\fine-code-coverage\build-output\katas-csharp.Tests.deps.json" --port 51722 --endpoint 127.0.0.1:051722 --role client --parentprocessid 10276 --diag "D:\ProjetosGit\katas-csharp\katas-csharp.Tests\bin\Debug\net6.0\fine-code-coverage\coverage-tool-output\diagnostics.host.22-02-15_08-10-12_68779_5.log" --tracelevel 4 --datacollectionport 51721 --telemetryoptedin false'
TpTrace Verbose: 0 : 10276, 7, 2022/02/15, 08:10:12.756, 169644405228, vstest.console.dll, Test Runtime launched
TpTrace Verbose: 0 : 10276, 5, 2022/02/15, 08:10:12.760, 169644412954, vstest.console.dll, TestRequestSender.WaitForRequestHandlerConnection: waiting for connection with timeout: 90000
TpTrace Verbose: 0 : 10276, 7, 2022/02/15, 08:10:13.639, 169646123074, vstest.console.dll, SocketServer.OnClientConnected: Client connected for endPoint: 127.0.0.1:51722, starting MessageLoopAsync:
TpTrace Verbose: 0 : 10276, 7, 2022/02/15, 08:10:13.644, 169646131965, vstest.console.dll, TcpClientExtensions.MessageLoopAsync: Polling on remoteEndPoint: 127.0.0.1:51725 localEndPoint: 127.0.0.1:51722
TpTrace Verbose: 0 : 10276, 7, 2022/02/15, 08:10:14.354, 169647514117, vstest.console.dll, TcpClientExtensions.MessageLoopAsync: NotifyDataAvailable remoteEndPoint: 127.0.0.1:51725 localEndPoint: 127.0.0.1:51722
TpTrace Verbose: 0 : 10276, 7, 2022/02/15, 08:10:14.355, 169647515904, vstest.console.dll, TestRequestSender.CheckVersionWithTestHost: onMessageReceived received message: (ProtocolVersion) -> 5
TpTrace Verbose: 0 : 10276, 7, 2022/02/15, 08:10:14.357, 169647518526, vstest.console.dll, TcpClientExtensions.MessageLoopAsync: Polling on remoteEndPoint: 127.0.0.1:51725 localEndPoint: 127.0.0.1:51722
TpTrace Verbose: 0 : 10276, 5, 2022/02/15, 08:10:14.357, 169647519487, vstest.console.dll, TestPluginCache.GetExtensionPaths: Filtered extension paths: 
TpTrace Verbose: 0 : 10276, 5, 2022/02/15, 08:10:14.358, 169647521013, vstest.console.dll, TestPluginCache.GetExtensionPaths: Added default extension paths: C:\Program Files\dotnet\sdk\6.0.100\Extensions\Microsoft.Diagnostics.NETCore.Client.dll
C:\Program Files\dotnet\sdk\6.0.100\Extensions\Microsoft.TestPlatform.Extensions.BlameDataCollector.dll
C:\Program Files\dotnet\sdk\6.0.100\Extensions\Microsoft.TestPlatform.Extensions.EventLogCollector.dll
C:\Program Files\dotnet\sdk\6.0.100\Extensions\Microsoft.TestPlatform.TestHostRuntimeProvider.dll
C:\Program Files\dotnet\sdk\6.0.100\Extensions\Microsoft.VisualStudio.TestPlatform.Extensions.Html.TestLogger.dll
C:\Program Files\dotnet\sdk\6.0.100\Extensions\Microsoft.VisualStudio.TestPlatform.Extensions.Trx.TestLogger.dll
TpTrace Verbose: 0 : 10276, 5, 2022/02/15, 08:10:14.358, 169647521845, vstest.console.dll, TestPluginCache.GetExtensionPaths: Added unfilterableExtensionPaths: 
TpTrace Verbose: 0 : 10276, 5, 2022/02/15, 08:10:14.374, 169647553237, vstest.console.dll, TestRequestSender.InitializeExecution: Sending initializing execution with message: {"Version":5,"MessageType":"TestExecution.Initialize","Payload":["D:\\ProjetosGit\\katas-csharp\\katas-csharp.Tests\\bin\\Debug\\net6.0\\fine-code-coverage\\build-output\\xunit.runner.visualstudio.dotnetcore.testadapter.dll"]}
TpTrace Verbose: 0 : 10276, 7, 2022/02/15, 08:10:14.408, 169647619553, vstest.console.dll, TcpClientExtensions.MessageLoopAsync: NotifyDataAvailable remoteEndPoint: 127.0.0.1:51725 localEndPoint: 127.0.0.1:51722
TpTrace Verbose: 0 : 10276, 7, 2022/02/15, 08:10:14.410, 169647621564, vstest.console.dll, TestRequestSender.OnExecutionMessageReceived: Received message: {"Version":5,"MessageType":"TestSession.Message","Payload":{"MessageLevel":0,"Message":"Logging TestHost Diagnostics in file: D:\\ProjetosGit\\katas-csharp\\katas-csharp.Tests\\bin\\Debug\\net6.0\\fine-code-coverage\\coverage-tool-output\\diagnostics.host.22-02-15_08-10-12_68779_5.log"}}
TpTrace Verbose: 0 : 10276, 7, 2022/02/15, 08:10:14.418, 169647637949, vstest.console.dll, TestRunRequest:SendTestRunMessage: Starting.
TpTrace Information: 0 : 10276, 7, 2022/02/15, 08:10:14.419, 169647639482, vstest.console.dll, TestRunRequest:SendTestRunMessage: Completed.
TpTrace Verbose: 0 : 10276, 7, 2022/02/15, 08:10:14.419, 169647640570, vstest.console.dll, TcpClientExtensions.MessageLoopAsync: Polling on remoteEndPoint: 127.0.0.1:51725 localEndPoint: 127.0.0.1:51722
TpTrace Verbose: 0 : 10276, 5, 2022/02/15, 08:10:14.426, 169647653740, vstest.console.dll, TestRequestSender.StartTestRun: Sending test run with message: {"Version":5,"MessageType":"TestExecution.StartWithSources","Payload":{"AdapterSourceMap":{"_none_":["D:\\ProjetosGit\\katas-csharp\\katas-csharp.Tests\\bin\\Debug\\net6.0\\fine-code-coverage\\build-output\\katas-csharp.Tests.dll"]},"RunSettings":"<RunSettings>\r\n  <RunConfiguration>\r\n    <ResultsDirectory>D:\\ProjetosGit\\katas-csharp\\katas-csharp.Tests\\bin\\Debug\\net6.0\\fine-code-coverage\\coverage-tool-output</ResultsDirectory>\r\n    <TargetPlatform>X64</TargetPlatform>\r\n    <TargetFrameworkVersion>.NETCoreApp,Version=v6.0</TargetFrameworkVersion>\r\n    <DesignMode>False</DesignMode>\r\n    <CollectSourceInformation>False</CollectSourceInformation>\r\n  </RunConfiguration>\r\n  <LoggerRunSettings>\r\n    <Loggers>\r\n      <Logger friendlyName=\"blame\" enabled=\"True\" />\r\n      <Logger friendlyName=\"Console\" uri=\"logger://microsoft/TestPlatform/ConsoleLogger/v1\" assemblyQualifiedName=\"Microsoft.VisualStudio.TestPlatform.CommandLine.Internal.ConsoleLogger, vstest.console, Version=15.0.0.0, Culture=neutral, PublicKeyToken=b03f5f7f11d50a3a\" codeBase=\"C:\\Program Files\\dotnet\\sdk\\6.0.100\\vstest.console.dll\" enabled=\"True\" />\r\n    </Loggers>\r\n  </LoggerRunSettings>\r\n  <DataCollectionRunSettings>\r\n    <DataCollectors>\r\n      <DataCollector friendlyName=\"blame\" enabled=\"True\">\r\n        <Configuration>\r\n          <ResultsDirectory>D:\\ProjetosGit\\katas-csharp\\katas-csharp.Tests\\bin\\Debug\\net6.0\\fine-code-coverage\\coverage-tool-output</ResultsDirectory>\r\n        </Configuration>\r\n      </DataCollector>\r\n    </DataCollectors>\r\n  </DataCollectionRunSettings>\r\n</RunSettings>","TestExecutionContext":{"FrequencyOfRunStatsChangeEvent":10,"RunStatsChangeEventTimeout":"00:00:01.5000000","InIsolation":false,"KeepAlive":false,"AreTestCaseLevelEventsRequired":false,"IsDebug":false,"TestCaseFilter":null,"FilterOptions":null},"Package":null}}
TpTrace Verbose: 0 : 10276, 7, 2022/02/15, 08:10:15.043, 169648854739, vstest.console.dll, TcpClientExtensions.MessageLoopAsync: NotifyDataAvailable remoteEndPoint: 127.0.0.1:51725 localEndPoint: 127.0.0.1:51722
TpTrace Verbose: 0 : 10276, 7, 2022/02/15, 08:10:15.044, 169648855969, vstest.console.dll, TestRequestSender.OnExecutionMessageReceived: Received message: {"Version":5,"MessageType":"TestSession.Message","Payload":{"MessageLevel":0,"Message":"[xUnit.net 00:00:00.01] xUnit.net VSTest Adapter v2.4.3+1b45f5407b (64-bit .NET 6.0.0-rtm.21522.10)"}}
TpTrace Verbose: 0 : 10276, 7, 2022/02/15, 08:10:15.045, 169648857980, vstest.console.dll, TestRunRequest:SendTestRunMessage: Starting.
TpTrace Information: 0 : 10276, 7, 2022/02/15, 08:10:15.046, 169648859146, vstest.console.dll, TestRunRequest:SendTestRunMessage: Completed.
TpTrace Verbose: 0 : 10276, 7, 2022/02/15, 08:10:15.046, 169648860114, vstest.console.dll, TcpClientExtensions.MessageLoopAsync: Polling on remoteEndPoint: 127.0.0.1:51725 localEndPoint: 127.0.0.1:51722
TpTrace Verbose: 0 : 10276, 7, 2022/02/15, 08:10:16.047, 169650806634, vstest.console.dll, TcpClientExtensions.MessageLoopAsync: Polling on remoteEndPoint: 127.0.0.1:51725 localEndPoint: 127.0.0.1:51722
TpTrace Verbose: 0 : 10276, 7, 2022/02/15, 08:10:16.130, 169650968152, vstest.console.dll, TcpClientExtensions.MessageLoopAsync: NotifyDataAvailable remoteEndPoint: 127.0.0.1:51725 localEndPoint: 127.0.0.1:51722
TpTrace Verbose: 0 : 10276, 7, 2022/02/15, 08:10:16.130, 169650968520, vstest.console.dll, TestRequestSender.OnExecutionMessageReceived: Received message: {"Version":5,"MessageType":"TestSession.Message","Payload":{"MessageLevel":0,"Message":"[xUnit.net 00:00:01.10]   Discovering: katas-csharp.Tests"}}
TpTrace Verbose: 0 : 10276, 7, 2022/02/15, 08:10:16.130, 169650969018, vstest.console.dll, TestRunRequest:SendTestRunMessage: Starting.
TpTrace Information: 0 : 10276, 7, 2022/02/15, 08:10:16.130, 169650969312, vstest.console.dll, TestRunRequest:SendTestRunMessage: Completed.
TpTrace Verbose: 0 : 10276, 7, 2022/02/15, 08:10:16.131, 169650969544, vstest.console.dll, TcpClientExtensions.MessageLoopAsync: Polling on remoteEndPoint: 127.0.0.1:51725 localEndPoint: 127.0.0.1:51722
TpTrace Verbose: 0 : 10276, 7, 2022/02/15, 08:10:16.167, 169651040639, vstest.console.dll, TcpClientExtensions.MessageLoopAsync: NotifyDataAvailable remoteEndPoint: 127.0.0.1:51725 localEndPoint: 127.0.0.1:51722
TpTrace Verbose: 0 : 10276, 7, 2022/02/15, 08:10:16.167, 169651041040, vstest.console.dll, TestRequestSender.OnExecutionMessageReceived: Received message: {"Version":5,"MessageType":"TestSession.Message","Payload":{"MessageLevel":0,"Message":"[xUnit.net 00:00:01.14]   Discovered:  katas-csharp.Tests"}}
TpTrace Verbose: 0 : 10276, 7, 2022/02/15, 08:10:16.168, 169651041452, vstest.console.dll, TestRunRequest:SendTestRunMessage: Starting.
TpTrace Information: 0 : 10276, 7, 2022/02/15, 08:10:16.168, 169651041713, vstest.console.dll, TestRunRequest:SendTestRunMessage: Completed.
TpTrace Verbose: 0 : 10276, 7, 2022/02/15, 08:10:16.168, 169651041996, vstest.console.dll, TcpClientExtensions.MessageLoopAsync: Polling on remoteEndPoint: 127.0.0.1:51725 localEndPoint: 127.0.0.1:51722
TpTrace Verbose: 0 : 10276, 7, 2022/02/15, 08:10:16.170, 169651045646, vstest.console.dll, TcpClientExtensions.MessageLoopAsync: NotifyDataAvailable remoteEndPoint: 127.0.0.1:51725 localEndPoint: 127.0.0.1:51722
TpTrace Verbose: 0 : 10276, 7, 2022/02/15, 08:10:16.170, 169651045936, vstest.console.dll, TestRequestSender.OnExecutionMessageReceived: Received message: {"Version":5,"MessageType":"TestSession.Message","Payload":{"MessageLevel":0,"Message":"[xUnit.net 00:00:01.14]   Starting:    katas-csharp.Tests"}}
TpTrace Verbose: 0 : 10276, 7, 2022/02/15, 08:10:16.170, 169651046296, vstest.console.dll, TestRunRequest:SendTestRunMessage: Starting.
TpTrace Information: 0 : 10276, 7, 2022/02/15, 08:10:16.170, 169651046540, vstest.console.dll, TestRunRequest:SendTestRunMessage: Completed.
TpTrace Verbose: 0 : 10276, 7, 2022/02/15, 08:10:16.170, 169651046769, vstest.console.dll, TcpClientExtensions.MessageLoopAsync: Polling on remoteEndPoint: 127.0.0.1:51725 localEndPoint: 127.0.0.1:51722
TpTrace Verbose: 0 : 10276, 7, 2022/02/15, 08:10:16.244, 169651191011, vstest.console.dll, TcpClientExtensions.MessageLoopAsync: NotifyDataAvailable remoteEndPoint: 127.0.0.1:51725 localEndPoint: 127.0.0.1:51722
TpTrace Verbose: 0 : 10276, 7, 2022/02/15, 08:10:16.245, 169651191465, vstest.console.dll, TestRequestSender.OnExecutionMessageReceived: Received message: {"Version":5,"MessageType":"TestExecution.StatsChange","Payload":{"NewTestResults":[],"TestRunStatistics":{"ExecutedTests":0,"Stats":{}},"ActiveTests":[{"Id":"dd2c1c44-e504-30d0-a110-cfd34dd0669d","FullyQualifiedName":"katas_csharp.Tests._02KarateChop.ChopTests.ShouldReturnMinus1IfTheArrayIsEmpty","DisplayName":"katas_csharp.Tests._02KarateChop.ChopTests.ShouldReturnMinus1IfTheArrayIsEmpty","ExecutorUri":"executor://xunit/VsTestRunner2/netcoreapp","Source":"D:\\ProjetosGit\\katas-csharp\\katas-csharp.Tests\\bin\\Debug\\net6.0\\fine-code-coverage\\build-output\\katas-csharp.Tests.dll","CodeFilePath":null,"LineNumber":0,"Properties":[]}]}}
TpTrace Verbose: 0 : 10276, 7, 2022/02/15, 08:10:16.257, 169651215991, vstest.console.dll, TestRunRequest:SendTestRunStatsChange: Starting.
TpTrace Verbose: 0 : 10276, 7, 2022/02/15, 08:10:16.258, 169651216488, vstest.console.dll, InProgress is katas_csharp.Tests._02KarateChop.ChopTests.ShouldReturnMinus1IfTheArrayIsEmpty
TpTrace Information: 0 : 10276, 7, 2022/02/15, 08:10:16.258, 169651216883, vstest.console.dll, TestRunRequest:SendTestRunStatsChange: Completed.
TpTrace Verbose: 0 : 10276, 7, 2022/02/15, 08:10:16.258, 169651217145, vstest.console.dll, TcpClientExtensions.MessageLoopAsync: Polling on remoteEndPoint: 127.0.0.1:51725 localEndPoint: 127.0.0.1:51722
TpTrace Verbose: 0 : 10276, 7, 2022/02/15, 08:10:16.261, 169651224143, vstest.console.dll, TcpClientExtensions.MessageLoopAsync: NotifyDataAvailable remoteEndPoint: 127.0.0.1:51725 localEndPoint: 127.0.0.1:51722
TpTrace Verbose: 0 : 10276, 7, 2022/02/15, 08:10:16.262, 169651224491, vstest.console.dll, TestRequestSender.OnExecutionMessageReceived: Received message: {"Version":5,"MessageType":"TestSession.Message","Payload":{"MessageLevel":0,"Message":"[xUnit.net 00:00:01.23]   Finished:    katas-csharp.Tests"}}
TpTrace Verbose: 0 : 10276, 7, 2022/02/15, 08:10:16.262, 169651224987, vstest.console.dll, TestRunRequest:SendTestRunMessage: Starting.
TpTrace Information: 0 : 10276, 7, 2022/02/15, 08:10:16.262, 169651225316, vstest.console.dll, TestRunRequest:SendTestRunMessage: Completed.
TpTrace Verbose: 0 : 10276, 7, 2022/02/15, 08:10:16.262, 169651225639, vstest.console.dll, TcpClientExtensions.MessageLoopAsync: Polling on remoteEndPoint: 127.0.0.1:51725 localEndPoint: 127.0.0.1:51722
TpTrace Verbose: 0 : 10276, 7, 2022/02/15, 08:10:16.282, 169651264874, vstest.console.dll, TcpClientExtensions.MessageLoopAsync: NotifyDataAvailable remoteEndPoint: 127.0.0.1:51725 localEndPoint: 127.0.0.1:51722
TpTrace Verbose: 0 : 10276, 7, 2022/02/15, 08:10:16.283, 169651265300, vstest.console.dll, TestRequestSender.OnExecutionMessageReceived: Received message: {"Version":5,"MessageType":"TestExecution.Completed","Payload":{"TestRunCompleteArgs":{"TestRunStatistics":{"ExecutedTests":2,"Stats":{"Passed":2}},"IsCanceled":false,"IsAborted":false,"Error":null,"AttachmentSets":[],"ElapsedTimeInRunningTests":"00:00:01.2623219","Metrics":{}},"LastRunTests":{"NewTestResults":[{"TestCase":{"Id":"dd2c1c44-e504-30d0-a110-cfd34dd0669d","FullyQualifiedName":"katas_csharp.Tests._02KarateChop.ChopTests.ShouldReturnMinus1IfTheArrayIsEmpty","DisplayName":"katas_csharp.Tests._02KarateChop.ChopTests.ShouldReturnMinus1IfTheArrayIsEmpty","ExecutorUri":"executor://xunit/VsTestRunner2/netcoreapp","Source":"D:\\ProjetosGit\\katas-csharp\\katas-csharp.Tests\\bin\\Debug\\net6.0\\fine-code-coverage\\build-output\\katas-csharp.Tests.dll","CodeFilePath":null,"LineNumber":0,"Properties":[]},"Attachments":[],"Outcome":1,"ErrorMessage":null,"ErrorStackTrace":null,"DisplayName":"katas_csharp.Tests._02KarateChop.ChopTests.ShouldReturnMinus1IfTheArrayIsEmpty","Messages":[],"ComputerName":"NOTE-MC74","Duration":"00:00:00.0083985","StartTime":"2022-02-15T11:10:16.2371038+00:00","EndTime":"2022-02-15T11:10:16.2371526+00:00","Properties":[]},{"TestCase":{"Id":"f43eb258-a94e-3ce5-6d16-3fd11c1d0b4c","FullyQualifiedName":"katas_csharp.Tests._02KarateChop.ChopTests.ShouldReturnMinus1IfIsNotInTheArray","DisplayName":"katas_csharp.Tests._02KarateChop.ChopTests.ShouldReturnMinus1IfIsNotInTheArray","ExecutorUri":"executor://xunit/VsTestRunner2/netcoreapp","Source":"D:\\ProjetosGit\\katas-csharp\\katas-csharp.Tests\\bin\\Debug\\net6.0\\fine-code-coverage\\build-output\\katas-csharp.Tests.dll","CodeFilePath":null,"LineNumber":0,"Properties":[]},"Attachments":[],"Outcome":1,"ErrorMessage":null,"ErrorStackTrace":null,"DisplayName":"katas_csharp.Tests._02KarateChop.ChopTests.ShouldReturnMinus1IfIsNotInTheArray","Messages":[],"ComputerName":"NOTE-MC74","Duration":"00:00:00.0001947","StartTime":"2022-02-15T11:10:16.2591166+00:00","EndTime":"2022-02-15T11:10:16.2591177+00:00","Properties":[]}],"TestRunStatistics":{"ExecutedTests":2,"Stats":{"Passed":2}},"ActiveTests":[]},"RunAttachments":[],"ExecutorUris":["executor://xunit/VsTestRunner2/netcoreapp"]}}
TpTrace Verbose: 0 : 10276, 7, 2022/02/15, 08:10:16.287, 169651274239, vstest.console.dll, TestRequestSender.EndSession: Sending end session.
TpTrace Verbose: 0 : 10276, 7, 2022/02/15, 08:10:16.287, 169651274695, vstest.console.dll, ProxyOperationManager.Close: waiting for test host to exit for 100 ms
TpTrace Warning: 0 : 10276, 13, 2022/02/15, 08:10:16.302, 169651302629, vstest.console.dll, TestHostManagerCallbacks.ErrorReceivedCallback Test host standard error line: 
TpTrace Verbose: 0 : 10276, 8, 2022/02/15, 08:10:16.312, 169651323284, vstest.console.dll, TestHostProvider.ExitCallBack: Host exited starting callback.
TpTrace Information: 0 : 10276, 8, 2022/02/15, 08:10:16.313, 169651325250, vstest.console.dll, TestHostManagerCallbacks.ExitCallBack: Testhost processId: 14080 exited with exitcode: 0 error: ''
TpTrace Verbose: 0 : 10276, 8, 2022/02/15, 08:10:16.314, 169651325528, vstest.console.dll, DotnetTestHostManager.OnHostExited: invoking OnHostExited callback
TpTrace Verbose: 0 : 10276, 8, 2022/02/15, 08:10:16.314, 169651325754, vstest.console.dll, CrossPlatEngine.TestHostManagerHostExited: calling on client process exit callback.
TpTrace Information: 0 : 10276, 8, 2022/02/15, 08:10:16.314, 169651326044, vstest.console.dll, TestRequestSender.OnClientProcessExit: Test host process exited. Standard error: 
TpTrace Warning: 0 : 10276, 7, 2022/02/15, 08:10:16.314, 169651326068, vstest.console.dll, ProxyOperationManager: Timed out waiting for test host to exit. Will terminate process.
TpTrace Information: 0 : 10276, 8, 2022/02/15, 08:10:16.314, 169651326289, vstest.console.dll, SocketServer.Stop: Stop server endPoint: 127.0.0.1:51722
TpTrace Information: 0 : 10276, 8, 2022/02/15, 08:10:16.314, 169651326937, vstest.console.dll, SocketServer.Stop: Cancellation requested. Stopping message loop.
TpTrace Verbose: 0 : 10276, 7, 2022/02/15, 08:10:16.315, 169651327985, vstest.console.dll, ProxyDataCollectionManager.InvokeDataCollectionServiceAction: Starting.
TpTrace Information: 0 : 10276, 7, 2022/02/15, 08:10:16.315, 169651328300, vstest.console.dll, ProxyDataCollectionManager.AfterTestRunEnd: Get attachment set for datacollector processId: 14728 port: 51719
TpTrace Verbose: 0 : 10276, 7, 2022/02/15, 08:10:16.315, 169651328612, vstest.console.dll, DataCollectionRequestSender.SendAfterTestRunStartAndGetResult : Send AfterTestRunEnd message with isCancelled: False
TpTrace Verbose: 0 : 10276, 7, 2022/02/15, 08:10:16.320, 169651337379, vstest.console.dll, DataCollectionRequestSender.SendAfterTestRunStartAndGetResult : Received message: (DataCollection.AfterTestRunEndResult) -> {
  "AttachmentSets": [],
  "Metrics": {}
}
TpTrace Information: 0 : 10276, 7, 2022/02/15, 08:10:16.322, 169651342215, vstest.console.dll, ProxyDataCollectionManager.InvokeDataCollectionServiceAction: Completed.
TpTrace Warning: 0 : 10276, 10, 2022/02/15, 08:10:16.325, 169651347799, vstest.console.dll, DataCollectionLauncher.ErrorReceivedCallback datacollector standard error line: 
TpTrace Information: 0 : 10276, 8, 2022/02/15, 08:10:16.330, 169651356855, vstest.console.dll, DataCollectionLauncher.ExitCallBack: Data collector exited with exitcode: 0 error: ''
TpTrace Verbose: 0 : 10276, 7, 2022/02/15, 08:10:16.353, 169651402095, vstest.console.dll, TestRunRequest:SendTestRunStatsChange: Starting.
TpTrace Information: 0 : 10276, 7, 2022/02/15, 08:10:16.353, 169651402645, vstest.console.dll, TestRunRequest:SendTestRunStatsChange: Completed.
TpTrace Verbose: 0 : 10276, 7, 2022/02/15, 08:10:16.353, 169651403129, vstest.console.dll, ParallelProxyExecutionManager: HandlePartialRunComplete: Total completed clients = 1, Run complete = True, Run canceled: False.
TpTrace Verbose: 0 : 10276, 7, 2022/02/15, 08:10:16.371, 169651437493, vstest.console.dll, TestRunRequest:TestRunComplete: Starting. IsAborted:False IsCanceled:False.
TpTrace Verbose: 0 : 10276, 7, 2022/02/15, 08:10:16.371, 169651438221, vstest.console.dll, TestLoggerManager.HandleTestRunComplete: Ignoring as the object is disposed.
TpTrace Information: 0 : 10276, 7, 2022/02/15, 08:10:16.372, 169651439247, vstest.console.dll, TestRunRequest:TestRunComplete: Completed.
TpTrace Verbose: 0 : 10276, 7, 2022/02/15, 08:10:16.372, 169651439546, vstest.console.dll, TestRequestSender.SetOperationComplete: Setting operation complete.
TpTrace Information: 0 : 10276, 7, 2022/02/15, 08:10:16.372, 169651439821, vstest.console.dll, SocketServer.Stop: Stop server endPoint: 127.0.0.1:51722
TpTrace Information: 0 : 10276, 7, 2022/02/15, 08:10:16.372, 169651440053, vstest.console.dll, SocketServer.Stop: Cancellation requested. Stopping message loop.
TpTrace Information: 0 : 10276, 7, 2022/02/15, 08:10:16.373, 169651440297, vstest.console.dll, SocketServer.PrivateStop: Stopping server endPoint: 127.0.0.1:51722 error: 
TpTrace Verbose: 0 : 10276, 1, 2022/02/15, 08:10:16.372, 169651439362, vstest.console.dll, TestRunRequest.Dispose: Starting.
TpTrace Information: 0 : 10276, 1, 2022/02/15, 08:10:16.373, 169651440923, vstest.console.dll, TestRunRequest.Dispose: Completed.
TpTrace Information: 0 : 10276, 1, 2022/02/15, 08:10:16.373, 169651441177, vstest.console.dll, TestRequestManager.RunTests: run tests completed.
TpTrace Verbose: 0 : 10276, 7, 2022/02/15, 08:10:16.373, 169651441344, vstest.console.dll, LengthPrefixCommunicationChannel.Dispose: Dispose reader and writer.
TpTrace Information: 0 : 10276, 1, 2022/02/15, 08:10:16.373, 169651441481, vstest.console.dll, RunTestsArgumentProcessor:Execute: Test run is completed.
TpTrace Information: 0 : 10276, 7, 2022/02/15, 08:10:16.373, 169651441856, vstest.console.dll, SocketServer.Stop: Raise disconnected event endPoint: 127.0.0.1:51722 error: 
TpTrace Verbose: 0 : 10276, 1, 2022/02/15, 08:10:16.374, 169651442323, vstest.console.dll, Executor.Execute: Exiting with exit code of 0
TpTrace Verbose: 0 : 10276, 7, 2022/02/15, 08:10:16.374, 169651442430, vstest.console.dll, TestRequestSender: OnTestRunAbort: Operation is already complete. Skip error message.
TpTrace Verbose: 0 : 10276, 7, 2022/02/15, 08:10:16.374, 169651442962, vstest.console.dll, TcpClientExtensions.MessageLoopAsync: exiting MessageLoopAsync remoteEndPoint: 127.0.0.1:51725 localEndPoint: 127.0.0.1:51722
